<?xml version="1.0" encoding="UTF-8"?>
<testng-results ignored="0" total="1" passed="1" failed="0" skipped="0">
  <reporter-output>
  </reporter-output>
  <suite started-at="2024-05-19T20:24:55 IST" name="Default suite" finished-at="2024-05-19T20:25:46 IST" duration-ms="50975">
    <groups>
      <group name="cucumber">
        <method signature="AbstractTestNGCucumberTests.runScenario(io.cucumber.testng.PickleWrapper,io.cucumber.testng.FeatureWrapper)[pri:0, instance:org.test.Test_runner@1fa121e2]" name="runScenario" class="io.cucumber.testng.AbstractTestNGCucumberTests"/>
      </group> <!-- cucumber -->
    </groups>
    <test started-at="2024-05-19T20:24:55 IST" name="Default test" finished-at="2024-05-19T20:25:46 IST" duration-ms="50975">
      <class name="org.test.Test_runner">
        <test-method is-config="true" signature="setUpClass(org.testng.ITestContext)[pri:0, instance:org.test.Test_runner@1fa121e2]" started-at="2024-05-19T20:24:55 IST" name="setUpClass" finished-at="2024-05-19T20:24:56 IST" duration-ms="673" status="PASS">
          <params>
            <param index="0">
              <value>
                <![CDATA[org.testng.TestRunner@a518813]]>
              </value>
            </param>
          </params>
          <reporter-output>
          </reporter-output>
        </test-method> <!-- setUpClass -->
        <test-method signature="runScenario(io.cucumber.testng.PickleWrapper,io.cucumber.testng.FeatureWrapper)[pri:0, instance:org.test.Test_runner@1fa121e2]" started-at="2024-05-19T20:24:56 IST" name="runScenario" description="Runs Cucumber Scenarios" data-provider="scenarios" finished-at="2024-05-19T20:25:46 IST" duration-ms="50155" status="PASS">
          <params>
            <param index="0">
              <value>
                <![CDATA["Adding customer to a bank by a bank manager"]]>
              </value>
            </param>
            <param index="1">
              <value>
                <![CDATA["validate functionalies of a bank Application"]]>
              </value>
            </param>
          </params>
          <reporter-output>
          </reporter-output>
        </test-method> <!-- runScenario -->
        <test-method is-config="true" signature="tearDownClass()[pri:0, instance:org.test.Test_runner@1fa121e2]" started-at="2024-05-19T20:25:46 IST" name="tearDownClass" finished-at="2024-05-19T20:25:46 IST" duration-ms="88" status="PASS">
          <reporter-output>
          </reporter-output>
        </test-method> <!-- tearDownClass -->
      </class> <!-- org.test.Test_runner -->
    </test> <!-- Default test -->
  </suite> <!-- Default suite -->
</testng-results>
